This is pdfTeX, Version 3.1415926-1.40.10 (TeX Live 2009/Debian) (format=pdflatex 2011.5.1)  17 MAY 2011 11:08
entering extended mode
 %&-line parsing enabled.
**\input defense.tex
(./defense.tex (/usr/share/texmf/tex/latex/beamer/base/beamer.cls
(/usr/share/texmf/tex/latex/beamer/base/beamerbasercs.sty
Package: beamerbasercs 2007/01/28 (rcs-revision 1.4)
)
Document Class: beamer 2007/03/11 cvs version 3.07 A class for typesetting pres
entations (rcs-revision 1.70)
(/usr/share/texmf/tex/latex/beamer/base/beamerbasemodes.sty
Package: beamerbasemodes 2007/01/28 (rcs-revision 1.22)
\beamer@tempbox=\box26
\beamer@tempcount=\count79
\c@beamerpauses=\count80

(/usr/share/texmf/tex/latex/beamer/base/beamerbasedecode.sty
Package: beamerbasedecode 2007/01/28 (rcs-revision 1.20)
\beamer@slideinframe=\count81
\beamer@minimum=\count82
)
\beamer@commentbox=\box27
\beamer@modecount=\count83
)
\headheight=\dimen102
\headdp=\dimen103
\footheight=\dimen104
\sidebarheight=\dimen105
\beamer@tempdim=\dimen106
\beamer@finalheight=\dimen107
\beamer@animht=\dimen108
\beamer@animdp=\dimen109
\beamer@animwd=\dimen110
\beamer@leftmargin=\dimen111
\beamer@rightmargin=\dimen112
\beamer@leftsidebar=\dimen113
\beamer@rightsidebar=\dimen114
\beamer@boxsize=\dimen115
\beamer@vboxoffset=\dimen116
\beamer@descdefault=\dimen117
\beamer@descriptionwidth=\dimen118
\beamer@lastskip=\skip41
\beamer@areabox=\box28
\beamer@animcurrent=\box29
\beamer@animshowbox=\box30
\beamer@sectionbox=\box31
\beamer@logobox=\box32
\beamer@linebox=\box33
\beamer@sectioncount=\count84
\beamer@subsubsectionmax=\count85
\beamer@subsectionmax=\count86
\beamer@sectionmax=\count87
\beamer@totalheads=\count88
\beamer@headcounter=\count89
\beamer@partstartpage=\count90
\beamer@sectionstartpage=\count91
\beamer@subsectionstartpage=\count92
\beamer@animationtempa=\count93
\beamer@animationtempb=\count94
\beamer@xpos=\count95
\beamer@ypos=\count96
\beamer@showpartnumber=\count97
\beamer@currentsubsection=\count98
\beamer@coveringdepth=\count99
\beamer@sectionadjust=\count100
\beamer@tocsectionnumber=\count101

(/usr/share/texmf/tex/latex/beamer/base/beamerbaseoptions.sty
Package: beamerbaseoptions 2007/01/28 (rcs-revision 1.8)

(/usr/share/texmf-texlive/tex/latex/graphics/keyval.sty
Package: keyval 1999/03/16 v1.13 key=value parser (DPC)
\KV@toks@=\toks14
))
(/usr/share/texmf/tex/latex/pgf/basiclayer/pgfcore.sty
(/usr/share/texmf-texlive/tex/latex/graphics/graphicx.sty
Package: graphicx 1999/02/16 v1.0f Enhanced LaTeX Graphics (DPC,SPQR)

(/usr/share/texmf-texlive/tex/latex/graphics/graphics.sty
Package: graphics 2009/02/05 v1.0o Standard LaTeX Graphics (DPC,SPQR)

(/usr/share/texmf-texlive/tex/latex/graphics/trig.sty
Package: trig 1999/03/16 v1.09 sin cos tan (DPC)
)
(/etc/texmf/tex/latex/config/graphics.cfg
File: graphics.cfg 2009/08/28 v1.8 graphics configuration of TeX Live
)
Package graphics Info: Driver file: pdftex.def on input line 91.

(/usr/share/texmf-texlive/tex/latex/pdftex-def/pdftex.def
File: pdftex.def 2010/03/12 v0.04p Graphics/color for pdfTeX
\Gread@gobject=\count102
))
\Gin@req@height=\dimen119
\Gin@req@width=\dimen120
)
(/usr/share/texmf/tex/latex/pgf/systemlayer/pgfsys.sty
(/usr/share/texmf/tex/latex/pgf/utilities/pgfrcs.sty
(/usr/share/texmf/tex/generic/pgf/utilities/pgfutil-common.tex
\pgfutil@everybye=\toks15
)
(/usr/share/texmf/tex/generic/pgf/utilities/pgfutil-latex.def)
(/usr/share/texmf/tex/generic/pgf/utilities/pgfrcs.code.tex
Package: pgfrcs 2008/02/20 v2.00 (rcs-revision 1.21)
))
(/usr/share/texmf/tex/generic/pgf/systemlayer/pgfsys.code.tex
Package: pgfsys 2008/02/07 v2.00 (rcs-revision 1.31)

(/usr/share/texmf/tex/generic/pgf/utilities/pgfkeys.code.tex
\pgfkeys@pathtoks=\toks16
\pgfkeys@temptoks=\toks17
)
\pgf@x=\dimen121
\pgf@y=\dimen122
\pgf@xa=\dimen123
\pgf@ya=\dimen124
\pgf@xb=\dimen125
\pgf@yb=\dimen126
\pgf@xc=\dimen127
\pgf@yc=\dimen128
\c@pgf@counta=\count103
\c@pgf@countb=\count104
\c@pgf@countc=\count105
\c@pgf@countd=\count106

(/usr/share/texmf/tex/generic/pgf/systemlayer/pgf.cfg
File: pgf.cfg 2008/01/13  (rcs-revision 1.6)
)
Package pgfsys Info: Driver file for pgf: pgfsys-pdftex.def on input line 885.

(/usr/share/texmf/tex/generic/pgf/systemlayer/pgfsys-pdftex.def
File: pgfsys-pdftex.def 2007/12/20  (rcs-revision 1.20)

(/usr/share/texmf/tex/generic/pgf/systemlayer/pgfsys-common-pdf.def
File: pgfsys-common-pdf.def 2007/12/17  (rcs-revision 1.8)
)))
(/usr/share/texmf/tex/generic/pgf/systemlayer/pgfsyssoftpath.code.tex
File: pgfsyssoftpath.code.tex 2008/01/23  (rcs-revision 1.6)
\pgfsyssoftpath@smallbuffer@items=\count107
\pgfsyssoftpath@bigbuffer@items=\count108
)
(/usr/share/texmf/tex/generic/pgf/systemlayer/pgfsysprotocol.code.tex
File: pgfsysprotocol.code.tex 2006/10/16  (rcs-revision 1.4)
))
(/usr/share/texmf/tex/latex/xcolor/xcolor.sty
Package: xcolor 2007/01/21 v2.11 LaTeX color extensions (UK)

(/etc/texmf/tex/latex/config/color.cfg
File: color.cfg 2007/01/18 v1.5 color configuration of teTeX/TeXLive
)
Package xcolor Info: Driver file: pdftex.def on input line 225.
Package xcolor Info: Model `cmy' substituted by `cmy0' on input line 1337.
Package xcolor Info: Model `hsb' substituted by `rgb' on input line 1341.
Package xcolor Info: Model `RGB' extended on input line 1353.
Package xcolor Info: Model `HTML' substituted by `rgb' on input line 1355.
Package xcolor Info: Model `Hsb' substituted by `hsb' on input line 1356.
Package xcolor Info: Model `tHsb' substituted by `hsb' on input line 1357.
Package xcolor Info: Model `HSB' substituted by `hsb' on input line 1358.
Package xcolor Info: Model `Gray' substituted by `gray' on input line 1359.
Package xcolor Info: Model `wave' substituted by `hsb' on input line 1360.
)
(/usr/share/texmf/tex/generic/pgf/basiclayer/pgfcore.code.tex
Package: pgfcore 2008/01/15 v2.00 (rcs-revision 1.6)

(/usr/share/texmf/tex/generic/pgf/math/pgfmath.code.tex
(/usr/share/texmf/tex/generic/pgf/math/pgfmathcalc.code.tex
(/usr/share/texmf/tex/generic/pgf/math/pgfmathutil.code.tex
\pgfmath@box=\box34
)
(/usr/share/texmf/tex/generic/pgf/math/pgfmathparser.code.tex
\pgfmath@stack=\toks18
\c@pgfmath@parsecounta=\count109
\c@pgfmath@parsecountb=\count110
\c@pgfmath@parsecountc=\count111
\pgfmath@parsex=\dimen129
)
(/usr/share/texmf/tex/generic/pgf/math/pgfmathoperations.code.tex
(/usr/share/texmf/tex/generic/pgf/math/pgfmathtrig.code.tex)
(/usr/share/texmf/tex/generic/pgf/math/pgfmathrnd.code.tex))
(/usr/share/texmf/tex/generic/pgf/math/pgfmathbase.code.tex)))
(/usr/share/texmf/tex/generic/pgf/basiclayer/pgfcorepoints.code.tex
File: pgfcorepoints.code.tex 2008/02/03  (rcs-revision 1.13)
\pgf@picminx=\dimen130
\pgf@picmaxx=\dimen131
\pgf@picminy=\dimen132
\pgf@picmaxy=\dimen133
\pgf@pathminx=\dimen134
\pgf@pathmaxx=\dimen135
\pgf@pathminy=\dimen136
\pgf@pathmaxy=\dimen137
\pgf@xx=\dimen138
\pgf@xy=\dimen139
\pgf@yx=\dimen140
\pgf@yy=\dimen141
\pgf@zx=\dimen142
\pgf@zy=\dimen143
)
(/usr/share/texmf/tex/generic/pgf/basiclayer/pgfcorepathconstruct.code.tex
File: pgfcorepathconstruct.code.tex 2008/02/13  (rcs-revision 1.14)
\pgf@path@lastx=\dimen144
\pgf@path@lasty=\dimen145
)
(/usr/share/texmf/tex/generic/pgf/basiclayer/pgfcorepathusage.code.tex
File: pgfcorepathusage.code.tex 2008/01/23  (rcs-revision 1.11)
\pgf@shorten@end@additional=\dimen146
\pgf@shorten@start@additional=\dimen147
)
(/usr/share/texmf/tex/generic/pgf/basiclayer/pgfcorescopes.code.tex
File: pgfcorescopes.code.tex 2008/01/15  (rcs-revision 1.26)
\pgfpic=\box35
\pgf@hbox=\box36
\pgf@layerbox@main=\box37
\pgf@picture@serial@count=\count112
)
(/usr/share/texmf/tex/generic/pgf/basiclayer/pgfcoregraphicstate.code.tex
File: pgfcoregraphicstate.code.tex 2007/12/12  (rcs-revision 1.8)
\pgflinewidth=\dimen148
)
(/usr/share/texmf/tex/generic/pgf/basiclayer/pgfcoretransformations.code.tex
File: pgfcoretransformations.code.tex 2008/02/04  (rcs-revision 1.10)
\pgf@pt@x=\dimen149
\pgf@pt@y=\dimen150
\pgf@pt@temp=\dimen151
)
(/usr/share/texmf/tex/generic/pgf/basiclayer/pgfcorequick.code.tex
File: pgfcorequick.code.tex 2006/10/11  (rcs-revision 1.2)
)
(/usr/share/texmf/tex/generic/pgf/basiclayer/pgfcoreobjects.code.tex
File: pgfcoreobjects.code.tex 2006/10/11  (rcs-revision 1.2)
)
(/usr/share/texmf/tex/generic/pgf/basiclayer/pgfcorepathprocessing.code.tex
File: pgfcorepathprocessing.code.tex 2008/01/23  (rcs-revision 1.7)
)
(/usr/share/texmf/tex/generic/pgf/basiclayer/pgfcorearrows.code.tex
File: pgfcorearrows.code.tex 2007/06/07  (rcs-revision 1.8)
)
(/usr/share/texmf/tex/generic/pgf/basiclayer/pgfcoreshade.code.tex
File: pgfcoreshade.code.tex 2007/12/10  (rcs-revision 1.9)
\pgf@max=\dimen152
\pgf@sys@shading@range@num=\count113
)
(/usr/share/texmf/tex/generic/pgf/basiclayer/pgfcoreimage.code.tex
File: pgfcoreimage.code.tex 2008/01/15  (rcs-revision 1.1)
\pgfexternal@startupbox=\box38
)
(/usr/share/texmf/tex/generic/pgf/basiclayer/pgfcorelayers.code.tex
File: pgfcorelayers.code.tex 2008/01/15  (rcs-revision 1.1)
)
(/usr/share/texmf/tex/generic/pgf/basiclayer/pgfcoretransparency.code.tex
File: pgfcoretransparency.code.tex 2008/01/17  (rcs-revision 1.2)
)
(/usr/share/texmf/tex/generic/pgf/basiclayer/pgfcorepatterns.code.tex
File: pgfcorepatterns.code.tex 2008/01/15  (rcs-revision 1.1)
)))
(/usr/share/texmf/tex/latex/pgf/basiclayer/pgfbaseimage.sty

Package pgf Warning: This package is obsolete and no longer needed on input lin
e 13.

) (/usr/share/texmf/tex/latex/pgf/utilities/xxcolor.sty
Package: xxcolor 2003/10/24 ver 0.1
\XC@nummixins=\count114
\XC@countmixins=\count115
)
(/usr/share/texmf-texlive/tex/latex/amsfonts/amssymb.sty
Package: amssymb 2009/06/22 v3.00

(/usr/share/texmf-texlive/tex/latex/amsfonts/amsfonts.sty
Package: amsfonts 2009/06/22 v3.00 Basic AMSFonts support
\@emptytoks=\toks19
\symAMSa=\mathgroup4
\symAMSb=\mathgroup5
LaTeX Font Info:    Overwriting math alphabet `\mathfrak' in version `bold'
(Font)                  U/euf/m/n --> U/euf/b/n on input line 96.
))
(/usr/share/texmf-texlive/tex/latex/geometry/geometry.sty
Package: geometry 2008/12/21 v4.2 Page Geometry

(/usr/share/texmf-texlive/tex/generic/oberdiek/ifpdf.sty
Package: ifpdf 2009/04/10 v2.0 Provides the ifpdf switch (HO)
Package ifpdf Info: pdfTeX in pdf mode detected.
)
(/usr/share/texmf-texlive/tex/generic/oberdiek/ifvtex.sty
Package: ifvtex 2008/11/04 v1.4 Switches for detecting VTeX and its modes (HO)
Package ifvtex Info: VTeX not detected.
)
\Gm@cnth=\count116
\Gm@cntv=\count117
\c@Gm@tempcnt=\count118
\Gm@bindingoffset=\dimen153
\Gm@wd@mp=\dimen154
\Gm@odd@mp=\dimen155
\Gm@even@mp=\dimen156
\Gm@dimlist=\toks20
)
(/usr/share/texmf-texlive/tex/latex/hyperref/hyperref.sty
Package: hyperref 2009/10/09 v6.79a Hypertext links for LaTeX

(/usr/share/texmf-texlive/tex/generic/ifxetex/ifxetex.sty
Package: ifxetex 2009/01/23 v0.5 Provides ifxetex conditional
)
(/usr/share/texmf-texlive/tex/latex/oberdiek/hycolor.sty
Package: hycolor 2009/10/02 v1.5 Code for color options of hyperref/bookmark (H
O)

(/usr/share/texmf-texlive/tex/latex/oberdiek/xcolor-patch.sty
Package: xcolor-patch 2009/10/02 xcolor patch
))
\@linkdim=\dimen157
\Hy@linkcounter=\count119
\Hy@pagecounter=\count120

(/usr/share/texmf-texlive/tex/latex/hyperref/pd1enc.def
File: pd1enc.def 2009/10/09 v6.79a Hyperref: PDFDocEncoding definition (HO)
)
(/usr/share/texmf-texlive/tex/generic/oberdiek/etexcmds.sty
Package: etexcmds 2007/12/12 v1.2 Prefix for e-TeX command names (HO)

(/usr/share/texmf-texlive/tex/generic/oberdiek/infwarerr.sty
Package: infwarerr 2007/09/09 v1.2 Providing info/warning/message (HO)
)
Package etexcmds Info: Could not find \expanded.
(etexcmds)             That can mean that you are not using pdfTeX 1.50 or
(etexcmds)             that some package has redefined \expanded.
(etexcmds)             In the latter case, load this package earlier.
)
(/usr/share/texmf-texlive/tex/latex/latexconfig/hyperref.cfg
File: hyperref.cfg 2002/06/06 v1.2 hyperref configuration of TeXLive
)
(/usr/share/texmf-texlive/tex/latex/oberdiek/kvoptions.sty
Package: kvoptions 2009/08/13 v3.4 Keyval support for LaTeX options (HO)

(/usr/share/texmf-texlive/tex/generic/oberdiek/kvsetkeys.sty
Package: kvsetkeys 2009/07/30 v1.5 Key value parser with default handler suppor
t (HO)
))
Package hyperref Info: Option `bookmarks' set `true' on input line 2864.
Package hyperref Info: Option `bookmarksopen' set `true' on input line 2864.
Package hyperref Info: Option `implicit' set `false' on input line 2864.
Package hyperref Info: Hyper figures OFF on input line 2975.
Package hyperref Info: Link nesting OFF on input line 2980.
Package hyperref Info: Hyper index ON on input line 2983.
Package hyperref Info: Plain pages OFF on input line 2990.
Package hyperref Info: Backreferencing OFF on input line 2995.

Implicit mode OFF; no redefinition of LaTeX internals
Package hyperref Info: Bookmarks ON on input line 3191.
(/usr/share/texmf-texlive/tex/latex/ltxmisc/url.sty
\Urlmuskip=\muskip10
Package: url 2006/04/12  ver 3.3  Verb mode for urls, etc.
)
LaTeX Info: Redefining \url on input line 3428.

(/usr/share/texmf-texlive/tex/generic/oberdiek/bitset.sty
Package: bitset 2007/09/28 v1.0 Data type bit set (HO)

(/usr/share/texmf-texlive/tex/generic/oberdiek/intcalc.sty
Package: intcalc 2007/09/27 v1.1 Expandable integer calculations (HO)
)
(/usr/share/texmf-texlive/tex/generic/oberdiek/bigintcalc.sty
Package: bigintcalc 2007/11/11 v1.1 Expandable big integer calculations (HO)

(/usr/share/texmf-texlive/tex/generic/oberdiek/pdftexcmds.sty
Package: pdftexcmds 2009/09/23 v0.6 LuaTeX support for pdfTeX utility functions
 (HO)

(/usr/share/texmf-texlive/tex/generic/oberdiek/ifluatex.sty
Package: ifluatex 2009/04/17 v1.2 Provides the ifluatex switch (HO)
Package ifluatex Info: LuaTeX not detected.
)
(/usr/share/texmf-texlive/tex/generic/oberdiek/ltxcmds.sty
Package: ltxcmds 2009/08/05 v1.0 Some LaTeX kernel commands for general use (HO
)
)
Package pdftexcmds Info: LuaTeX not detected.
Package pdftexcmds Info: \pdf@primitive is available.
Package pdftexcmds Info: \pdf@ifprimitive is available.
)))
\Fld@menulength=\count121
\Field@Width=\dimen158
\Fld@charsize=\dimen159
\Field@toks=\toks21
Package hyperref Info: Hyper figures OFF on input line 4377.
Package hyperref Info: Link nesting OFF on input line 4382.
Package hyperref Info: Hyper index ON on input line 4385.
Package hyperref Info: backreferencing OFF on input line 4392.
Package hyperref Info: Link coloring OFF on input line 4397.
Package hyperref Info: Link coloring with OCG OFF on input line 4402.
Package hyperref Info: PDF/A mode OFF on input line 4407.

(/usr/share/texmf-texlive/tex/generic/oberdiek/atbegshi.sty
Package: atbegshi 2008/07/31 v1.9 At begin shipout hook (HO)
)

Package hyperref Warning: Option `pdfpagelabels' is turned off
(hyperref)                because \thepage is undefined.

Hyperref stopped early
)
*hyperref using default driver hpdftex*
(/usr/share/texmf-texlive/tex/latex/hyperref/hpdftex.def
File: hpdftex.def 2009/10/09 v6.79a Hyperref driver for pdfTeX
\Fld@listcount=\count122
)
(/usr/share/texmf-texlive/tex/latex/base/size11.clo
File: size11.clo 2007/10/19 v1.4h Standard LaTeX file (size option)
)
(/usr/share/texmf/tex/latex/beamer/base/beamerbasecompatibility.sty
Package: beamerbasecompatibility 2007/01/28  (rcs-revision 1.63)
)
(/usr/share/texmf/tex/latex/beamer/base/beamerbasefont.sty
Package: beamerbasefont 2007/01/28  (rcs-revision 1.16)
)
(/usr/share/texmf/tex/latex/beamer/base/beamerbasemisc.sty
Package: beamerbasemisc 2007/01/28  (rcs-revision 1.24)
)
(/usr/share/texmf/tex/latex/beamer/base/beamerbasetwoscreens.sty
Package: beamerbasetwoscreens 2007/01/28  (rcs-revision 1.7)
)
(/usr/share/texmf/tex/latex/beamer/base/beamerbaseoverlay.sty
Package: beamerbaseoverlay 2007/01/28  (rcs-revision 1.50)
\beamer@argscount=\count123
\beamer@lastskipcover=\skip42
\beamer@trivlistdepth=\count124
)
(/usr/share/texmf/tex/latex/beamer/base/beamerbasetitle.sty
Package: beamerbasetitle 2007/01/28  (rcs-revision 1.25)
)
(/usr/share/texmf/tex/latex/beamer/base/beamerbasesection.sty
Package: beamerbasesection 2007/01/28  (rcs-revision 1.21)
\c@lecture=\count125
\c@part=\count126
\c@section=\count127
\c@subsection=\count128
\c@subsubsection=\count129
)
(/usr/share/texmf/tex/latex/beamer/base/beamerbaseframe.sty
Package: beamerbaseframe 2007/01/28  (rcs-revision 1.60)
\beamer@framebox=\box39
\beamer@frametitlebox=\box40
\beamer@zoombox=\box41
\beamer@zoomcount=\count130
\beamer@zoomframecount=\count131
\beamer@frametextheight=\dimen160
\c@subsectionslide=\count132
\beamer@frametopskip=\skip43
\beamer@framebottomskip=\skip44
\beamer@frametopskipautobreak=\skip45
\beamer@framebottomskipautobreak=\skip46
\beamer@envbody=\toks22
\c@framenumber=\count133
)
(/usr/share/texmf/tex/latex/beamer/base/beamerbaseverbatim.sty
Package: beamerbaseverbatim 2007/01/28  (rcs-revision 1.8)
\beamer@verbatimfileout=\write3
)
(/usr/share/texmf/tex/latex/beamer/base/beamerbaseframesize.sty
Package: beamerbaseframesize 2007/01/28  (rcs-revision 1.18)
\beamer@splitbox=\box42
\beamer@autobreakcount=\count134
\beamer@autobreaklastheight=\dimen161
\beamer@frametitletoks=\toks23
\beamer@framesubtitletoks=\toks24
)
(/usr/share/texmf/tex/latex/beamer/base/beamerbaseframecomponents.sty
Package: beamerbaseframecomponents 2007/01/28  (rcs-revision 1.41)
\beamer@footins=\box43
)
(/usr/share/texmf/tex/latex/beamer/base/beamerbasecolor.sty
Package: beamerbasecolor 2007/01/28  (rcs-revision 1.42)
)
(/usr/share/texmf/tex/latex/beamer/base/beamerbasenotes.sty
Package: beamerbasenotes 2007/01/28  (rcs-revision 1.23)
\beamer@frameboxcopy=\box44
)
(/usr/share/texmf/tex/latex/beamer/base/beamerbasetoc.sty
Package: beamerbasetoc 2007/01/28  (rcs-revision 1.21)
)
(/usr/share/texmf/tex/latex/beamer/base/beamerbasetemplates.sty
Package: beamerbasetemplates 2007/01/28  (rcs-revision 1.51)
\beamer@sbttoks=\toks25

(/usr/share/texmf/tex/latex/beamer/base/beamerbaseauxtemplates.sty
Package: beamerbaseauxtemplates 2007/01/28  (rcs-revision 1.28)

(/usr/share/texmf/tex/latex/beamer/base/beamerbaseboxes.sty
Package: beamerbaseboxes 2007/03/11  (rcs-revision 1.32)
\bmb@box=\box45
\bmb@colorbox=\box46
\bmb@boxshadow=\box47
\bmb@boxshadowball=\box48
\bmb@boxshadowballlarge=\box49
\bmb@temp=\dimen162
\bmb@dima=\dimen163
\bmb@dimb=\dimen164
\bmb@prevheight=\dimen165
)
\beamer@blockheadheight=\dimen166
))
(/usr/share/texmf/tex/latex/beamer/base/beamerbaselocalstructure.sty
Package: beamerbaselocalstructure 2007/01/28  (rcs-revision 1.53)

(/usr/share/texmf-texlive/tex/latex/tools/enumerate.sty
Package: enumerate 1999/03/05 v3.00 enumerate extensions (DPC)
\@enLab=\toks26
)
\c@figure=\count135
\c@table=\count136
\abovecaptionskip=\skip47
\belowcaptionskip=\skip48
)
(/usr/share/texmf/tex/latex/beamer/base/beamerbasenavigation.sty
Package: beamerbasenavigation 2007/01/28  (rcs-revision 1.36)
)
(/usr/share/texmf/tex/latex/beamer/base/beamerbasetheorems.sty
Package: beamerbasetheorems 2007/01/28  (rcs-revision 1.10)

(/usr/share/texmf-texlive/tex/latex/translator/translator.sty
Package: translator 2007/03/11 ver 1.00

(/usr/share/texmf-texlive/tex/latex/translator/translator-language-mappings.tex
)) (/usr/share/texmf-texlive/tex/latex/amsmath/amsmath.sty
Package: amsmath 2000/07/18 v2.13 AMS math features
\@mathmargin=\skip49

For additional information on amsmath, use the `?' option.
(/usr/share/texmf-texlive/tex/latex/amsmath/amstext.sty
Package: amstext 2000/06/29 v2.01

(/usr/share/texmf-texlive/tex/latex/amsmath/amsgen.sty
File: amsgen.sty 1999/11/30 v2.0
\@emptytoks=\toks27
\ex@=\dimen167
))
(/usr/share/texmf-texlive/tex/latex/amsmath/amsbsy.sty
Package: amsbsy 1999/11/29 v1.2d
\pmbraise@=\dimen168
)
(/usr/share/texmf-texlive/tex/latex/amsmath/amsopn.sty
Package: amsopn 1999/12/14 v2.01 operator names
)
\inf@bad=\count137
LaTeX Info: Redefining \frac on input line 211.
\uproot@=\count138
\leftroot@=\count139
LaTeX Info: Redefining \overline on input line 307.
\classnum@=\count140
\DOTSCASE@=\count141
LaTeX Info: Redefining \ldots on input line 379.
LaTeX Info: Redefining \dots on input line 382.
LaTeX Info: Redefining \cdots on input line 467.
\Mathstrutbox@=\box50
\strutbox@=\box51
\big@size=\dimen169
LaTeX Font Info:    Redeclaring font encoding OML on input line 567.
LaTeX Font Info:    Redeclaring font encoding OMS on input line 568.
\macc@depth=\count142
\c@MaxMatrixCols=\count143
\dotsspace@=\muskip11
\c@parentequation=\count144
\dspbrk@lvl=\count145
\tag@help=\toks28
\row@=\count146
\column@=\count147
\maxfields@=\count148
\andhelp@=\toks29
\eqnshift@=\dimen170
\alignsep@=\dimen171
\tagshift@=\dimen172
\tagwidth@=\dimen173
\totwidth@=\dimen174
\lineht@=\dimen175
\@envbody=\toks30
\multlinegap=\skip50
\multlinetaggap=\skip51
\mathdisplay@stack=\toks31
LaTeX Info: Redefining \[ on input line 2666.
LaTeX Info: Redefining \] on input line 2667.
)
(/usr/share/texmf-texlive/tex/latex/amscls/amsthm.sty
Package: amsthm 2004/08/06 v2.20
\thm@style=\toks32
\thm@bodyfont=\toks33
\thm@headfont=\toks34
\thm@notefont=\toks35
\thm@headpunct=\toks36
\thm@preskip=\skip52
\thm@postskip=\skip53
\thm@headsep=\skip54
\dth@everypar=\toks37
)
\c@theorem=\count149
)
(/usr/share/texmf/tex/latex/beamer/base/beamerbasethemes.sty
Package: beamerbasethemes 2007/01/28  (rcs-revision 1.10)
)
(/usr/share/texmf/tex/latex/beamer/themes/theme/beamerthemedefault.sty
Package: beamerthemedefault 2007/01/28  (rcs-revision 1.7)

(/usr/share/texmf/tex/latex/beamer/themes/font/beamerfontthemedefault.sty
Package: beamerfontthemedefault 2007/01/28  (rcs-revision 1.13)
)
(/usr/share/texmf/tex/latex/beamer/themes/color/beamercolorthemedefault.sty
Package: beamercolorthemedefault 2007/01/28  (rcs-revision 1.28)
)
(/usr/share/texmf/tex/latex/beamer/themes/inner/beamerinnerthemedefault.sty
Package: beamerinnerthemedefault 2007/01/28  (rcs-revision 1.20)
\beamer@dima=\dimen176
\beamer@dimb=\dimen177
)
(/usr/share/texmf/tex/latex/beamer/themes/outer/beamerouterthemedefault.sty
Package: beamerouterthemedefault 2007/01/28  (rcs-revision 1.14)
)))
(/usr/share/texmf-texlive/tex/latex/algorithms/algorithm.sty
Package: algorithm 2009/08/24 v0.1 Document Style `algorithm' - floating enviro
nment

(/usr/share/texmf-texlive/tex/latex/float/float.sty
Package: float 2001/11/08 v1.3d Float enhancements (AL)
\c@float@type=\count150
\float@exts=\toks38
\float@box=\box52
\@float@everytoks=\toks39
\@floatcapt=\box53
)
(/usr/share/texmf-texlive/tex/latex/base/ifthen.sty
Package: ifthen 2001/05/26 v1.1c Standard LaTeX ifthen package (DPC)
)
\@float@every@algorithm=\toks40
\c@algorithm=\count151
)
(/usr/share/texmf-texlive/tex/latex/algorithms/algorithmic.sty
Package: algorithmic 2009/08/24 v0.1 Document Style `algorithmic'
\c@ALC@unique=\count152
\c@ALC@line=\count153
\c@ALC@rem=\count154
\c@ALC@depth=\count155
\ALC@tlm=\skip55
\algorithmicindent=\skip56
)
(/usr/share/texmf-texlive/tex/latex/sagetex/sagetex.sty
Package: sagetex 2009/06/17 v2.2.1 embedding Sage into LaTeX documents

(/usr/share/texmf-texlive/tex/latex/tools/verbatim.sty
Package: verbatim 2003/08/22 v1.5q LaTeX2e package for verbatim enhancements
\every@verbatim=\toks41
\verbatim@line=\toks42
\verbatim@in@stream=\read1
)
(/usr/share/texmf-texlive/tex/latex/makecmds/makecmds.sty
Package: makecmds 2009/09/03 v1.0a extra command making commands
)
\c@ST@inline=\count156
\c@ST@plot=\count157
\sagetexindent=\skip57

No file defense.sout.
) (/usr/share/texmf/tex/latex/beamer/themes/theme/beamerthemePittsburgh.sty
Package: beamerthemePittsburgh 2007/01/28  (rcs-revision 1.5)

(/usr/share/texmf/tex/latex/beamer/themes/inner/beamerinnerthemecircles.sty
Package: beamerinnerthemecircles 2007/01/28  (rcs-revision 1.4)
))
(/usr/share/texmf-texlive/tex/generic/xypic/xy.sty
(/usr/share/texmf-texlive/tex/generic/xypic/xy.tex Bootstrap'ing: catcodes,
docmode, (/usr/share/texmf-texlive/tex/generic/xypic/xyrecat.tex)
(/usr/share/texmf-texlive/tex/generic/xypic/xyidioms.tex)

 Xy-pic version 3.7 <1999/02/16>
 Copyright (c) 1991-1998 by Kristoffer H. Rose <krisrose@ens-lyon.fr>
 Xy-pic is free software: see the User's Guide for details.

Loading kernel: messages; fonts; allocations: state,
\X@c=\dimen178
\Y@c=\dimen179
\U@c=\dimen180
\D@c=\dimen181
\L@c=\dimen182
\R@c=\dimen183
\Edge@c=\toks43
\X@p=\dimen184
\Y@p=\dimen185
\U@p=\dimen186
\D@p=\dimen187
\L@p=\dimen188
\R@p=\dimen189
\Edge@p=\toks44
\X@origin=\dimen190
\Y@origin=\dimen191
\X@xbase=\dimen192
\Y@xbase=\dimen193
\X@ybase=\dimen194
\Y@ybase=\dimen195
\X@min=\dimen196
\Y@min=\dimen197
\X@max=\dimen198
\Y@max=\dimen199
\lastobjectbox@=\box54
\zerodotbox@=\box55
\almostz@=\dimen200
 direction,
\d@X=\dimen201
\d@Y=\dimen202
\K@=\count158
\KK@=\count159
\Direction=\count160
\K@dXdY=\dimen203
\K@dYdX=\dimen204
\xyread@=\read2
\xywrite@=\write4
\csp@=\count161
\quotPTK@=\dimen205

utility macros; pictures: \xy, positions,
\swaptoks@@=\toks45
\connectobjectbox@@=\box56
 objects,
\styletoks@=\toks46
 decorations;
kernel objects: directionals, circles, text; options; algorithms: directions,
edges, connections;  Xy-pic loaded)
Package: xy 1999/02/16 Xy-pic version 3.7

(/usr/share/texmf-texlive/tex/generic/xypic/xyall.tex
 Xy-pic option: All features v.3.3
(/usr/share/texmf-texlive/tex/generic/xypic/xycurve.tex
 Xy-pic option: Curve and Spline extension v.3.7 curve,
\crv@cnt@=\count162
\crvpts@=\toks47
\splinebox@=\box57
\splineval@=\dimen206
\splinedepth@=\dimen207
\splinetol@=\dimen208
\splinelength@=\dimen209
 circles,
\L@=\dimen210
 loaded)
(/usr/share/texmf-texlive/tex/generic/xypic/xyframe.tex
 Xy-pic option: Frame and Bracket extension v.3.7 loaded)
(/usr/share/texmf-texlive/tex/generic/xypic/xycmtip.tex
 Xy-pic option: Computer Modern tip extension v.3.3
(/usr/share/texmf-texlive/tex/generic/xypic/xytips.tex
 Xy-pic option: More Tips extension v.3.3 loaded) loaded)
(/usr/share/texmf-texlive/tex/generic/xypic/xyline.tex
 Xy-pic option: Line styles extension v.3.6
\xylinethick@=\dimen211
 loaded)
(/usr/share/texmf-texlive/tex/generic/xypic/xyrotate.tex
 Xy-pic option: Rotate and Scale extension v.3.3 loaded)
(/usr/share/texmf-texlive/tex/generic/xypic/xycolor.tex
 Xy-pic option: Colour extension v.3.3 loaded)
(/usr/share/texmf-texlive/tex/generic/xypic/xymatrix.tex
 Xy-pic option: Matrix feature v.3.4
\Row=\count163
\Col=\count164
\queue@=\toks48
\queue@@=\toks49
\qcount@=\count165
\qcount@@=\count166
\matrixsize@=\count167
 loaded)
(/usr/share/texmf-texlive/tex/generic/xypic/xyarrow.tex
 Xy-pic option: Arrow and Path feature v.3.5 path, \ar, loaded)
(/usr/share/texmf-texlive/tex/generic/xypic/xygraph.tex
 Xy-pic option: Graph feature v.3.7 loaded) loaded))

Package hyperref Warning: Token not allowed in a PDF string (PDFDocEncoding):
(hyperref)                removing `\\' on input line 141.


Package hyperref Warning: Token not allowed in a PDF string (PDFDocEncoding):
(hyperref)                removing `\\' on input line 141.

(./defense.aux

LaTeX Warning: Label `fig:edgeboundary' multiply defined.


LaTeX Warning: Label `fig:10zigzag' multiply defined.


LaTeX Warning: Label `fig:10zigzag' multiply defined.


LaTeX Warning: Label `fig:replacementnhdb' multiply defined.


LaTeX Warning: Label `fig:K5ppath' multiply defined.


LaTeX Warning: Label `fig:K5ppath' multiply defined.


LaTeX Warning: Label `fig:K5ppath' multiply defined.


LaTeX Warning: Label `fig:K5ppath' multiply defined.


LaTeX Warning: Label `fig:K5ppath' multiply defined.


LaTeX Warning: Label `tbl:summary' multiply defined.


LaTeX Warning: Label `fig:4cycle' multiply defined.


LaTeX Warning: Label `fig:4cycle' multiply defined.


LaTeX Warning: Label `fig:4cycle' multiply defined.


LaTeX Warning: Label `fig:4cycle' multiply defined.


LaTeX Warning: Label `tbl:summary' multiply defined.


LaTeX Warning: Label `fig:replacement_summary' multiply defined.

)
\openout1 = `defense.aux'.

LaTeX Font Info:    Checking defaults for OML/cmm/m/it on input line 144.
LaTeX Font Info:    ... okay on input line 144.
LaTeX Font Info:    Checking defaults for T1/cmr/m/n on input line 144.
LaTeX Font Info:    ... okay on input line 144.
LaTeX Font Info:    Checking defaults for OT1/cmr/m/n on input line 144.
LaTeX Font Info:    ... okay on input line 144.
LaTeX Font Info:    Checking defaults for OMS/cmsy/m/n on input line 144.
LaTeX Font Info:    ... okay on input line 144.
LaTeX Font Info:    Checking defaults for OMX/cmex/m/n on input line 144.
LaTeX Font Info:    ... okay on input line 144.
LaTeX Font Info:    Checking defaults for U/cmr/m/n on input line 144.
LaTeX Font Info:    ... okay on input line 144.
LaTeX Font Info:    Checking defaults for PD1/pdf/m/n on input line 144.
LaTeX Font Info:    ... okay on input line 144.
 (/usr/share/texmf-texlive/tex/context/base/supp-pdf.mkii
[Loading MPS to PDF converter (version 2006.09.02).]
\scratchcounter=\count168
\scratchdimen=\dimen212
\scratchbox=\box58
\nofMPsegments=\count169
\nofMParguments=\count170
\everyMPshowfont=\toks50
\MPscratchCnt=\count171
\MPscratchDim=\dimen213
\MPnumerator=\count172
\everyMPtoPDFconversion=\toks51
)
*geometry auto-detecting driver*
*geometry detected driver: pdftex*
-------------------- Geometry parameters
paper: user defined
landscape: --
twocolumn: --
twoside: --
asymmetric: --
h-parts: 28.45274pt, 307.28987pt, 28.45274pt
v-parts: 0.0pt, 273.14662pt, 0.0pt
hmarginratio: --
vmarginratio: --
lines: --
heightrounded: --
bindingoffset: 0.0pt
truedimen: --
includehead: true
includefoot: true
includemp: --
driver: pdftex
-------------------- Page layout dimensions and switches
\paperwidth  364.19536pt
\paperheight 273.14662pt
\textwidth  307.28987pt
\textheight 244.6939pt
\oddsidemargin  -43.81725pt
\evensidemargin -43.81725pt
\topmargin  -72.26999pt
\headheight 14.22636pt
\headsep    0.0pt
\footskip   14.22636pt
\marginparwidth 4.0pt
\marginparsep   10.0pt
\columnsep  10.0pt
\skip\footins  10.0pt plus 4.0pt minus 2.0pt
\hoffset 0.0pt
\voffset 0.0pt
\mag 1000

(1in=72.27pt, 1cm=28.45pt)
-----------------------
Package hyperref Info: Link coloring OFF on input line 144.
(/usr/share/texmf-texlive/tex/latex/hyperref/nameref.sty
Package: nameref 2007/05/29 v2.31 Cross-referencing by name of section

(/usr/share/texmf-texlive/tex/latex/oberdiek/refcount.sty
Package: refcount 2008/08/11 v3.1 Data extraction from references (HO)
)
\c@section@level=\count173
)
LaTeX Info: Redefining \ref on input line 144.
LaTeX Info: Redefining \pageref on input line 144.
 (./defense.out)
(./defense.out)
\@outlinefile=\write5
\openout5 = `defense.out'.

\AtBeginShipoutBox=\box59
LaTeX Font Info:    Overwriting symbol font `operators' in version `normal'
(Font)                  OT1/cmr/m/n --> OT1/cmss/m/n on input line 144.
LaTeX Font Info:    Overwriting symbol font `operators' in version `bold'
(Font)                  OT1/cmr/bx/n --> OT1/cmss/bx/n on input line 144.
\symnumbers=\mathgroup6
\sympureletters=\mathgroup7
LaTeX Font Info:    Overwriting math alphabet `\mathrm' in version `normal'
(Font)                  OT1/cmss/m/n --> OT1/cmr/m/n on input line 144.
LaTeX Font Info:    Redeclaring math alphabet \mathbf on input line 144.
LaTeX Font Info:    Overwriting math alphabet `\mathbf' in version `normal'
(Font)                  OT1/cmr/bx/n --> OT1/cmss/bx/n on input line 144.
LaTeX Font Info:    Overwriting math alphabet `\mathbf' in version `bold'
(Font)                  OT1/cmr/bx/n --> OT1/cmss/bx/n on input line 144.
LaTeX Font Info:    Redeclaring math alphabet \mathsf on input line 144.
LaTeX Font Info:    Overwriting math alphabet `\mathsf' in version `normal'
(Font)                  OT1/cmss/m/n --> OT1/cmss/m/n on input line 144.
LaTeX Font Info:    Overwriting math alphabet `\mathsf' in version `bold'
(Font)                  OT1/cmss/bx/n --> OT1/cmss/m/n on input line 144.
LaTeX Font Info:    Redeclaring math alphabet \mathit on input line 144.
LaTeX Font Info:    Overwriting math alphabet `\mathit' in version `normal'
(Font)                  OT1/cmr/m/it --> OT1/cmss/m/it on input line 144.
LaTeX Font Info:    Overwriting math alphabet `\mathit' in version `bold'
(Font)                  OT1/cmr/bx/it --> OT1/cmss/m/it on input line 144.
LaTeX Font Info:    Redeclaring math alphabet \mathtt on input line 144.
LaTeX Font Info:    Overwriting math alphabet `\mathtt' in version `normal'
(Font)                  OT1/cmtt/m/n --> OT1/cmtt/m/n on input line 144.
LaTeX Font Info:    Overwriting math alphabet `\mathtt' in version `bold'
(Font)                  OT1/cmtt/m/n --> OT1/cmtt/m/n on input line 144.
LaTeX Font Info:    Overwriting symbol font `numbers' in version `bold'
(Font)                  OT1/cmss/m/n --> OT1/cmss/bx/n on input line 144.
LaTeX Font Info:    Overwriting symbol font `pureletters' in version `bold'
(Font)                  OT1/cmss/m/it --> OT1/cmss/bx/it on input line 144.
LaTeX Font Info:    Overwriting math alphabet `\mathrm' in version `bold'
(Font)                  OT1/cmss/bx/n --> OT1/cmr/bx/n on input line 144.
LaTeX Font Info:    Overwriting math alphabet `\mathbf' in version `bold'
(Font)                  OT1/cmss/bx/n --> OT1/cmss/bx/n on input line 144.
LaTeX Font Info:    Overwriting math alphabet `\mathsf' in version `bold'
(Font)                  OT1/cmss/m/n --> OT1/cmss/bx/n on input line 144.
LaTeX Font Info:    Overwriting math alphabet `\mathit' in version `bold'
(Font)                  OT1/cmss/m/it --> OT1/cmss/bx/it on input line 144.
LaTeX Font Info:    Overwriting math alphabet `\mathtt' in version `bold'
(Font)                  OT1/cmtt/m/n --> OT1/cmtt/bx/n on input line 144.

(/usr/share/texmf-texlive/tex/latex/translator/translator-theorem-dictionary-En
glish.dict
Dictionary: translator-theorem-dictionary, Language: English 
)
\ST@sf=\write6
\openout6 = `defense.sage'.

 (./defense.nav)

LaTeX Font Warning: Font shape `OT1/cmss/m/n' in size <4> not available
(Font)              size <5> substituted on input line 146.

[1

{/var/lib/texmf/fonts/map/pdftex/updmap/pdftex.map}] [2

] [3

]
LaTeX Font Info:    Try loading font information for OMS+cmss on input line 170
.
LaTeX Font Info:    No file OMScmss.fd. on input line 170.


LaTeX Font Warning: Font shape `OMS/cmss/m/n' undefined
(Font)              using `OMS/cmsy/m/n' instead
(Font)              for symbol `textbullet' on input line 170.



pdfTeX warning: pdflatex (file ../pics/10-zigzag.pdf): PDF inclusion: found PDF
 version <1.5>, but at most version <1.4> allowed
<../pics/10-zigzag.pdf, id=161, 587.08856pt x 562.7899pt>
File: ../pics/10-zigzag.pdf Graphic file (type pdf)

<use ../pics/10-zigzag.pdf>

pdfTeX warning: pdflatex (file ../pics/10_5d8s-replacement-0123420314.pdf): PDF
 inclusion: found PDF version <1.5>, but at most version <1.4> allowed

<../pics/10_5d8s-replacement-0123420314.pdf, id=163, 397.77347pt x 664.99326pt>
File: ../pics/10_5d8s-replacement-0123420314.pdf Graphic file (type pdf)
<use ../pics/10_5d8s-replacement-0123420314.pdf>

pdfTeX warning: pdflatex (file ../pics/K5-10_5d8s-0123420314.pdf): PDF inclusio
n: found PDF version <1.5>, but at most version <1.4> allowed
<../pics/K5-10_5d8s-0123420314.pdf, id=165, 392.81522pt x 457.54866pt>
File: ../pics/K5-10_5d8s-0123420314.pdf Graphic file (type pdf)

<use ../pics/K5-10_5d8s-0123420314.pdf> [4

 <../pics/10-zigzag.pdf> <../pics/10_5d8s-replacement-0123420314.pdf> <../pics/
K5-10_5d8s-0123420314.pdf>]
File: ../pics/10-zigzag.pdf Graphic file (type pdf)

<use ../pics/10-zigzag.pdf>
File: ../pics/10_5d8s-replacement-0123420314.pdf Graphic file (type pdf)
 <use ../pics/10_5d8s-replacement-0123420314.pdf>
File: ../pics/K5-10_5d8s-0123420314.pdf Graphic file (type pdf)

<use ../pics/K5-10_5d8s-0123420314.pdf> [5

]
File: ../pics/10-zigzag.pdf Graphic file (type pdf)
 <use ../pics/10-zigzag.pdf>
File: ../pics/10_5d8s-replacement-0123420314.pdf Graphic file (type pdf)

<use ../pics/10_5d8s-replacement-0123420314.pdf>
File: ../pics/K5-10_5d8s-0123420314.pdf Graphic file (type pdf)

<use ../pics/K5-10_5d8s-0123420314.pdf> [6

]
File: ../pics/10-zigzag.pdf Graphic file (type pdf)
 <use ../pics/10-zigzag.pdf>
File: ../pics/10_5d8s-replacement-0123420314.pdf Graphic file (type pdf)

<use ../pics/10_5d8s-replacement-0123420314.pdf>
File: ../pics/K5-10_5d8s-0123420314.pdf Graphic file (type pdf)

<use ../pics/K5-10_5d8s-0123420314.pdf> [7

]
LaTeX Font Info:    Try loading font information for U+msa on input line 186.

(/usr/share/texmf-texlive/tex/latex/amsfonts/umsa.fd
File: umsa.fd 2009/06/22 v3.00 AMS symbols A
)
LaTeX Font Info:    Try loading font information for U+msb on input line 186.

(/usr/share/texmf-texlive/tex/latex/amsfonts/umsb.fd
File: umsb.fd 2009/06/22 v3.00 AMS symbols B
)
File: ../pics/10-zigzag.pdf Graphic file (type pdf)

<use ../pics/10-zigzag.pdf> [8

]
File: ../pics/10-zigzag.pdf Graphic file (type pdf)
 <use ../pics/10-zigzag.pdf> [9

]
File: ../pics/10-zigzag.pdf Graphic file (type pdf)

<use ../pics/10-zigzag.pdf> [10

] [11

] [12

] [13

] [14

] [15

] [16

]

pdfTeX warning: pdflatex (file ../pics/edge_boundary.pdf): PDF inclusion: found
 PDF version <1.5>, but at most version <1.4> allowed
<../pics/edge_boundary.pdf, id=905, 603.01163pt x 578.72963pt>
File: ../pics/edge_boundary.pdf Graphic file (type pdf)

<use ../pics/edge_boundary.pdf> [17

 <../pics/edge_boundary.pdf>]
File: ../pics/edge_boundary.pdf Graphic file (type pdf)

<use ../pics/edge_boundary.pdf>pdfTeX warning (ext4): destination with the same
 identifier (name{fig:edgeboundary}) has been already used, duplicate ignored
<to be read again> 
                   \relax 
l.237 \end{frame}
                 
Overfull \vbox (1.82442pt too high) detected at line 237
 []

[18

]

pdfTeX warning: pdflatex (file ../pics/4-6-zigzag.pdf): PDF inclusion: found PD
F version <1.5>, but at most version <1.4> allowed
<../pics/4-6-zigzag.pdf, id=1075, 1254.64952pt x 587.18604pt>
File: ../pics/4-6-zigzag.pdf Graphic file (type pdf)

<use ../pics/4-6-zigzag.pdf> [19

 <../pics/4-6-zigzag.pdf>]

pdfTeX warning: pdflatex (file ../pics/C5.pdf): PDF inclusion: found PDF versio
n <1.5>, but at most version <1.4> allowed
<../pics/C5.pdf, id=1186, 389.6032pt x 446.91812pt>
File: ../pics/C5.pdf Graphic file (type pdf)
 <use ../pics/C5.pdf>
[20

 <../pics/C5.pdf>]

pdfTeX warning: pdflatex (file ../pics/K5plain.pdf): PDF inclusion: found PDF v
ersion <1.5>, but at most version <1.4> allowed
<../pics/K5plain.pdf, id=1234, 389.6032pt x 446.91812pt>
File: ../pics/K5plain.pdf Graphic file (type pdf)

<use ../pics/K5plain.pdf> [21

 <../pics/K5plain.pdf>] [22

] [23

] [24

] [25

]
[26

] [27

] [28

]

pdfTeX warning: pdflatex (file ../pics/zigzag-example-generic.pdf): PDF inclusi
on: found PDF version <1.5>, but at most version <1.4> allowed
<../pics/zigzag-example-generic.pdf, id=1460, 1890.086pt x 594.78963pt>
File: ../pics/zigzag-example-generic.pdf Graphic file (type pdf)

<use ../pics/zigzag-example-generic.pdf>
Overfull \vbox (5.97816pt too high) detected at line 328
 []

[29

 <../pics/zigzag-example-generic.pdf>]
File: ../pics/zigzag-example-generic.pdf Graphic file (type pdf)

<use ../pics/zigzag-example-generic.pdf> [30

]

pdfTeX warning: pdflatex (file ../pics/3-7-zigzag.pdf): PDF inclusion: found PD
F version <1.5>, but at most version <1.4> allowed
<../pics/3-7-zigzag.pdf, id=1637, 1094.68788pt x 572.59373pt>
File: ../pics/3-7-zigzag.pdf Graphic file (type pdf)

<use ../pics/3-7-zigzag.pdf>
File: ../pics/4-6-zigzag.pdf Graphic file (type pdf)
 <use ../pics/4-6-zigzag.pdf>
File: ../pics/10-zigzag.pdf Graphic file (type pdf)

<use ../pics/10-zigzag.pdf> [31

 <../pics/3-7-zigzag.pdf>]
File: ../pics/3-7-zigzag.pdf Graphic file (type pdf)

<use ../pics/3-7-zigzag.pdf>
File: ../pics/4-6-zigzag.pdf Graphic file (type pdf)
 <use ../pics/4-6-zigzag.pdf>
File: ../pics/10-zigzag.pdf Graphic file (type pdf)

<use ../pics/10-zigzag.pdf> [32

]
File: ../pics/3-7-zigzag.pdf Graphic file (type pdf)
 <use ../pics/3-7-zigzag.pdf>
File: ../pics/4-6-zigzag.pdf Graphic file (type pdf)

<use ../pics/4-6-zigzag.pdf>
File: ../pics/10-zigzag.pdf Graphic file (type pdf)
 <use ../pics/10-zigzag.pdf> [33

] [34

] [35

]
[36

] [37

] [38

]

pdfTeX warning: pdflatex (file ../pics/4-6-replacement-0123-043142.pdf): PDF in
clusion: found PDF version <1.5>, but at most version <1.4> allowed
<../pics/4-6-replacement-0123-043142.pdf, id=1921, 583.74251pt x 850.14592pt>
File: ../pics/4-6-replacement-0123-043142.pdf Graphic file (type pdf)

<use ../pics/4-6-replacement-0123-043142.pdf>
File: ../pics/4-6-zigzag.pdf Graphic file (type pdf)
 <use ../pics/4-6-zigzag.pdf>
[39

 <../pics/4-6-replacement-0123-043142.pdf>] [40

] [41

] [42

] [43

] [44

]
[45

]

pdfTeX warning: pdflatex (file ../pics/0-enumeration.pdf): PDF inclusion: found
 PDF version <1.5>, but at most version <1.4> allowed
<../pics/0-enumeration.pdf, id=2184, 903.9439pt x 489.23666pt>
File: ../pics/0-enumeration.pdf Graphic file (type pdf)

<use ../pics/0-enumeration.pdf>
Overfull \vbox (5.45367pt too high) detected at line 445
 []

[46

 <../pics/0-enumeration.pdf>]

pdfTeX warning: pdflatex (file ../pics/2-enumeration.pdf): PDF inclusion: found
 PDF version <1.5>, but at most version <1.4> allowed
<../pics/2-enumeration.pdf, id=2273, 903.9439pt x 489.23666pt>
File: ../pics/2-enumeration.pdf Graphic file (type pdf)

<use ../pics/2-enumeration.pdf>
Overfull \vbox (5.45367pt too high) detected at line 445
 []

[47

 <../pics/2-enumeration.pdf>]

pdfTeX warning: pdflatex (file ../pics/(0,2)-enumeration.pdf): PDF inclusion: f
ound PDF version <1.5>, but at most version <1.4> allowed
<../pics/(0,2)-enumeration.pdf, id=2359, 903.9439pt x 489.23666pt>
File: ../pics/(0,2)-enumeration.pdf Graphic file (type pdf)

<use ../pics/(0,2)-enumeration.pdf>
Overfull \vbox (5.45367pt too high) detected at line 445
 []

[48

 <../pics/(0,2)-enumeration.pdf>]

pdfTeX warning: pdflatex (file ../pics/K5-46-0123-043142.pdf): PDF inclusion: f
ound PDF version <1.5>, but at most version <1.4> allowed
<../pics/K5-46-0123-043142.pdf, id=2437, 392.81522pt x 457.54866pt>
File: ../pics/K5-46-0123-043142.pdf Graphic file (type pdf)

<use ../pics/K5-46-0123-043142.pdf> [49

 <../pics/K5-46-0123-043142.pdf>]

pdfTeX warning: pdflatex (file ../pics/3-7-replacement-024-0123413.pdf): PDF in
clusion: found PDF version <1.5>, but at most version <1.4> allowed
<../pics/3-7-replacement-024-0123413.pdf, id=2667, 356.82146pt x 642.40851pt>
File: ../pics/3-7-replacement-024-0123413.pdf Graphic file (type pdf)

<use ../pics/3-7-replacement-024-0123413.pdf>
Overfull \vbox (5.02881pt too high) detected at line 478
 []

[50

 <../pics/3-7-replacement-024-0123413.pdf>] [51

]

pdfTeX warning: pdflatex (file ../pics/replacement-clouds.pdf): PDF inclusion: 
found PDF version <1.5>, but at most version <1.4> allowed
<../pics/replacement-clouds.pdf, id=2808, 388.94142pt x 674.52852pt>
File: ../pics/replacement-clouds.pdf Graphic file (type pdf)

<use ../pics/replacement-clouds.pdf> [52

 <../pics/replacement-clouds.pdf>]

pdfTeX warning: pdflatex (file ../pics/replacement-bridges.pdf): PDF inclusion:
 found PDF version <1.5>, but at most version <1.4> allowed
<../pics/replacement-bridges.pdf, id=2922, 388.94142pt x 674.52852pt>
File: ../pics/replacement-bridges.pdf Graphic file (type pdf)

<use ../pics/replacement-bridges.pdf> [53

 <../pics/replacement-bridges.pdf>]
File: ../pics/3-7-replacement-024-0123413.pdf Graphic file (type pdf)

<use ../pics/3-7-replacement-024-0123413.pdf> [54

]
File: ../pics/3-7-replacement-024-0123413.pdf Graphic file (type pdf)

<use ../pics/3-7-replacement-024-0123413.pdf> [55

]
File: ../pics/4-6-replacement-0123-043142.pdf Graphic file (type pdf)

<use ../pics/4-6-replacement-0123-043142.pdf> [56

]

pdfTeX warning: pdflatex (file ../pics/bridge.pdf): PDF inclusion: found PDF ve
rsion <1.5>, but at most version <1.4> allowed
<../pics/bridge.pdf, id=3113, 655.25331pt x 320.87772pt>
File: ../pics/bridge.pdf Graphic file (type pdf)

<use ../pics/bridge.pdf> [57

 <../pics/bridge.pdf>]
<../pics/replacementK5_C4.pdf, id=3188, 857.2025pt x 798.985pt>
File: ../pics/replacementK5_C4.pdf Graphic file (type pdf)

<use ../pics/replacementK5_C4.pdf>
<../pics/replacementK5_C4_2.pdf, id=3189, 857.2025pt x 798.985pt>
File: ../pics/replacementK5_C4_2.pdf Graphic file (type pdf)

<use ../pics/replacementK5_C4_2.pdf> [58

 <../pics/replacementK5_C4.pdf> <../pics/replacementK5_C4_2.pdf>] [59

]
File: ../pics/3-7-replacement-024-0123413.pdf Graphic file (type pdf)
 <use ../pics/3-7-replacement-024-0123413.pdf>
[60

]
File: ../pics/3-7-replacement-024-0123413.pdf Graphic file (type pdf)
 <use ../pics/3-7-replacement-024-0123413.pdf> [61

]
File: ../pics/3-7-replacement-024-0123413.pdf Graphic file (type pdf)

<use ../pics/3-7-replacement-024-0123413.pdf> [62

]
File: ../pics/10-zigzag.pdf Graphic file (type pdf)
 <use ../pics/10-zigzag.pdf>
[63

] <../pics/zig_zagK5_C4.pdf, id=3358, 857.2025pt x 798.985pt>
File: ../pics/zig_zagK5_C4.pdf Graphic file (type pdf)

<use ../pics/zig_zagK5_C4.pdf> [64

 <../pics/zig_zagK5_C4.pdf>]
File: ../pics/zig_zagK5_C4.pdf Graphic file (type pdf)

<use ../pics/zig_zagK5_C4.pdf> [65

]
File: ../pics/zig_zagK5_C4.pdf Graphic file (type pdf)
 <use ../pics/zig_zagK5_C4.pdf> [66

]
File: ../pics/zig_zagK5_C4.pdf Graphic file (type pdf)

<use ../pics/zig_zagK5_C4.pdf> [67

]
File: ../pics/zig_zagK5_C4.pdf Graphic file (type pdf)
 <use ../pics/zig_zagK5_C4.pdf> [68

]
[69

] [70

]

Package hyperref Warning: Token not allowed in a PDF string (PDFDocEncoding):
(hyperref)                removing `math shift' on input line 675.


Package hyperref Warning: Token not allowed in a PDF string (PDFDocEncoding):
(hyperref)                removing `subscript' on input line 675.


Package hyperref Warning: Token not allowed in a PDF string (PDFDocEncoding):
(hyperref)                removing `\mathbin' on input line 675.


Package hyperref Warning: Token not allowed in a PDF string (PDFDocEncoding):
(hyperref)                removing `\@ifnextchar' on input line 675.


Package hyperref Warning: Token not allowed in a PDF string (PDFDocEncoding):
(hyperref)                removing `math shift' on input line 675.


Package hyperref Warning: Token not allowed in a PDF string (PDFDocEncoding):
(hyperref)                removing `\bigcirc' on input line 675.


Package hyperref Warning: Token not allowed in a PDF string (PDFDocEncoding):
(hyperref)                removing `math shift' on input line 675.


Package hyperref Warning: Token not allowed in a PDF string (PDFDocEncoding):
(hyperref)                removing `subscript' on input line 675.


Package hyperref Warning: Token not allowed in a PDF string (PDFDocEncoding):
(hyperref)                removing `math shift' on input line 675.


Package hyperref Warning: Token not allowed in a PDF string (PDFDocEncoding):
(hyperref)                removing `math shift' on input line 675.


Package hyperref Warning: Token not allowed in a PDF string (PDFDocEncoding):
(hyperref)                removing `subscript' on input line 675.


Package hyperref Warning: Token not allowed in a PDF string (PDFDocEncoding):
(hyperref)                removing `\mathbin' on input line 675.


Package hyperref Warning: Token not allowed in a PDF string (PDFDocEncoding):
(hyperref)                removing `\@ifnextchar' on input line 675.


Package hyperref Warning: Token not allowed in a PDF string (PDFDocEncoding):
(hyperref)                removing `math shift' on input line 675.


Package hyperref Warning: Token not allowed in a PDF string (PDFDocEncoding):
(hyperref)                removing `\bigcirc' on input line 675.


Package hyperref Warning: Token not allowed in a PDF string (PDFDocEncoding):
(hyperref)                removing `math shift' on input line 675.


Package hyperref Warning: Token not allowed in a PDF string (PDFDocEncoding):
(hyperref)                removing `subscript' on input line 675.


Package hyperref Warning: Token not allowed in a PDF string (PDFDocEncoding):
(hyperref)                removing `math shift' on input line 675.



pdfTeX warning: pdflatex (file ../pics/10-example.pdf): PDF inclusion: found PD
F version <1.5>, but at most version <1.4> allowed
<../pics/10-example.pdf, id=3541, 1839.04913pt x 664.99326pt>
File: ../pics/10-example.pdf Graphic file (type pdf)

<use ../pics/10-example.pdf> [71

 <../pics/10-example.pdf>]
File: ../pics/10-zigzag.pdf Graphic file (type pdf)

<use ../pics/10-zigzag.pdf>
File: ../pics/3-7-zigzag.pdf Graphic file (type pdf)
 <use ../pics/3-7-zigzag.pdf>
File: ../pics/4-6-zigzag.pdf Graphic file (type pdf)

<use ../pics/4-6-zigzag.pdf> [72

pdfTeX warning (ext4): destination with the same identifier (name{fig:10zigzag}
) has been already used, duplicate ignored

\AtBegShi@Output ...ipout \box \AtBeginShipoutBox 
                                                  \fi \fi 
l.718 \end{frame}
                 pdfTeX warning (ext4): destination with the same identifier (n
ame{fig:10zigzag}) has been already used, duplicate ignored

\AtBegShi@Output ...ipout \box \AtBeginShipoutBox 
                                                  \fi \fi 
l.718 \end{frame}
                 ]

pdfTeX warning: pdflatex (file ../pics/zig-zag-nhbd-example.pdf): PDF inclusion
: found PDF version <1.5>, but at most version <1.4> allowed
<../pics/zig-zag-nhbd-example.pdf, id=3959, 510.94518pt x 217.69836pt>
File: ../pics/zig-zag-nhbd-example.pdf Graphic file (type pdf)

<use ../pics/zig-zag-nhbd-example.pdf>

pdfTeX warning: pdflatex (file ../pics/replacement-neighborhood.pdf): PDF inclu
sion: found PDF version <1.5>, but at most version <1.4> allowed
<../pics/replacement-neighborhood.pdf, id=3961, 688.97243pt x 239.18672pt>
File: ../pics/replacement-neighborhood.pdf Graphic file (type pdf)

<use ../pics/replacement-neighborhood.pdf>
Overfull \vbox (2.68335pt too high) detected at line 738
 []

[73

 <../pics/zig-zag-nhbd-example.pdf> <../pics/replacement-neighborhood.pdf>]
File: ../pics/zig-zag-nhbd-example.pdf Graphic file (type pdf)

<use ../pics/zig-zag-nhbd-example.pdf>
File: ../pics/replacement-neighborhood.pdf Graphic file (type pdf)

<use ../pics/replacement-neighborhood.pdf>
Overfull \vbox (2.68335pt too high) detected at line 738
 []

[74

]
File: ../pics/replacement-neighborhood.pdf Graphic file (type pdf)
 <use ../pics/replacement-neighborhood.pdf>pdfTeX warning (ext4): destination w
ith the same identifier (name{fig:replacementnhdb}) has been already used, dupl
icate ignored
<to be read again> 
                   \relax 
l.760 \end{frame}
                 

pdfTeX warning: pdflatex (file ../pics/ppath.pdf): PDF inclusion: found PDF ver
sion <1.5>, but at most version <1.4> allowed
<../pics/ppath.pdf, id=4104, 421.72319pt x 479.03813pt>
File: ../pics/ppath.pdf Graphic file (type pdf)

<use ../pics/ppath.pdf> [75

 <../pics/ppath.pdf>]
File: ../pics/replacement-neighborhood.pdf Graphic file (type pdf)

<use ../pics/replacement-neighborhood.pdf>
File: ../pics/ppath.pdf Graphic file (type pdf)
 <use ../pics/ppath.pdf> [76

]
File: ../pics/ppath.pdf Graphic file (type pdf)

<use ../pics/ppath.pdf>pdfTeX warning (ext4): destination with the same identif
ier (name{fig:K5ppath}) has been already used, duplicate ignored
<to be read again> 
                   \relax 
l.782 \end{frame}
                  [77

]

pdfTeX warning: pdflatex (file ../pics/3-pcircuit.pdf): PDF inclusion: found PD
F version <1.5>, but at most version <1.4> allowed
<../pics/3-pcircuit.pdf, id=4288, 421.72319pt x 479.03813pt>
File: ../pics/3-pcircuit.pdf Graphic file (type pdf)

<use ../pics/3-pcircuit.pdf>pdfTeX warning (ext4): destination with the same id
entifier (name{fig:K5ppath}) has been already used, duplicate ignored
<to be read again> 
                   \relax 
l.809 \end{frame}
                 
Overfull \vbox (7.87357pt too high) detected at line 809
 []

[78

 <../pics/3-pcircuit.pdf>]
File: ../pics/3-pcircuit.pdf Graphic file (type pdf)
 <use ../pics/3-pcircuit.pdf>pdfTeX warning (ext4): destination with the same i
dentifier (name{fig:K5ppath}) has been already used, duplicate ignored
<to be read again> 
                   \relax 
l.837 \end{frame}
                  [79

]

pdfTeX warning: pdflatex (file ../pics/37-pcd-example.pdf): PDF inclusion: foun
d PDF version <1.5>, but at most version <1.4> allowed
<../pics/37-pcd-example.pdf, id=4454, 421.72319pt x 479.03813pt>
File: ../pics/37-pcd-example.pdf Graphic file (type pdf)

<use ../pics/37-pcd-example.pdf> [80

 <../pics/37-pcd-example.pdf>]
File: ../pics/37-pcd-example.pdf Graphic file (type pdf)

<use ../pics/37-pcd-example.pdf> [81

]
File: ../pics/37-pcd-example.pdf Graphic file (type pdf)
 <use ../pics/37-pcd-example.pdf>pdfTeX warning (ext4): destination with the sa
me identifier (name{fig:K5ppath}) has been already used, duplicate ignored
<to be read again> 
                   \relax 
l.862 \end{frame}
                 
Overfull \vbox (31.92911pt too high) detected at line 862
 []

[82

]
File: ../pics/37-pcd-example.pdf Graphic file (type pdf)
 <use ../pics/37-pcd-example.pdf>pdfTeX warning (ext4): destination with the sa
me identifier (name{fig:K5ppath}) has been already used, duplicate ignored
<to be read again> 
                   \relax 
l.882 \end{frame}
                 
File: ../pics/3-7-zigzag.pdf Graphic file (type pdf)
 <use ../pics/3-7-zigzag.pdf>
Overfull \hbox (0.71277pt too wide) in paragraph at lines 882--882
 [] 
 []

[83

]
Overfull \hbox (17.19485pt too wide) detected at line 895
[] [] \OMS/cmsy/m/n/10.95 ^^Q [] [] ^^Q [] []
 []

[84

]
Overfull \hbox (17.19485pt too wide) detected at line 895
[] [] \OMS/cmsy/m/n/10.95 ^^Q [] [] ^^Q [] []
 []

[85

]
File: ../pics/37-pcd-example.pdf Graphic file (type pdf)
 <use ../pics/37-pcd-example.pdf>

pdfTeX warning: pdflatex (file ../pics/334-pcd-example.pdf): PDF inclusion: fou
nd PDF version <1.5>, but at most version <1.4> allowed
<../pics/334-pcd-example.pdf, id=4714, 421.72319pt x 479.03813pt>
File: ../pics/334-pcd-example.pdf Graphic file (type pdf)

<use ../pics/334-pcd-example.pdf> [86

 <../pics/334-pcd-example.pdf>]
File: ../pics/37-pcd-example.pdf Graphic file (type pdf)

<use ../pics/37-pcd-example.pdf>
File: ../pics/334-pcd-example.pdf Graphic file (type pdf)
 <use ../pics/334-pcd-example.pdf> [87

]
File: ../pics/37-pcd-example.pdf Graphic file (type pdf)

<use ../pics/37-pcd-example.pdf>
File: ../pics/334-pcd-example.pdf Graphic file (type pdf)
 <use ../pics/334-pcd-example.pdf> [88

]
File: ../pics/37-pcd-example.pdf Graphic file (type pdf)

<use ../pics/37-pcd-example.pdf>
File: ../pics/334-pcd-example.pdf Graphic file (type pdf)
 <use ../pics/334-pcd-example.pdf> [89

]
File: ../pics/37-pcd-example.pdf Graphic file (type pdf)

<use ../pics/37-pcd-example.pdf>
File: ../pics/334-pcd-example.pdf Graphic file (type pdf)
 <use ../pics/334-pcd-example.pdf> [90

]
[91

]
File: ../pics/37-pcd-example.pdf Graphic file (type pdf)
 <use ../pics/37-pcd-example.pdf>
File: ../pics/334-pcd-example.pdf Graphic file (type pdf)
 <use ../pics/334-pcd-example.pdf>
[92

] [93

] [94

] [95

] [96

] [97

] [98

]
File: ../pics/334-pcd-example.pdf Graphic file (type pdf)
 <use ../pics/334-pcd-example.pdf>

pdfTeX warning: pdflatex (file ../pics/334-pcd-example-replacement.pdf): PDF in
clusion: found PDF version <1.5>, but at most version <1.4> allowed
<../pics/334-pcd-example-replacement.pdf, id=5154, 704.45888pt x 720.9867pt>
File: ../pics/334-pcd-example-replacement.pdf Graphic file (type pdf)

<use ../pics/334-pcd-example-replacement.pdf> [99

 <../pics/334-pcd-example-replacement.pdf>] [100

] [101

] [102

] [103

] [104

] [105

] [106

] [107

]pdfTeX warning (ext4): destination with the same identifier (name{tbl:summary}
) has been already used, duplicate ignored
<to be read again> 
                   \relax 
l.1135 \end{frame}
                   [108

]

pdfTeX warning: pdflatex (file ../pics/K54cycle.pdf): PDF inclusion: found PDF 
version <1.5>, but at most version <1.4> allowed
<../pics/K54cycle.pdf, id=5499, 421.72319pt x 479.03813pt>
File: ../pics/K54cycle.pdf Graphic file (type pdf)

<use ../pics/K54cycle.pdf>

pdfTeX warning: pdflatex (file ../pics/4cycleunwrapped.pdf): PDF inclusion: fou
nd PDF version <1.5>, but at most version <1.4> allowed
<../pics/4cycleunwrapped.pdf, id=5501, 552.70865pt x 354.25299pt>
File: ../pics/4cycleunwrapped.pdf Graphic file (type pdf)

<use ../pics/4cycleunwrapped.pdf> [109

pdfTeX warning (ext4): destination with the same identifier (name{fig:4cycle}) 
has been already used, duplicate ignored

\AtBegShi@Output ...ipout \box \AtBeginShipoutBox 
                                                  \fi \fi 
l.1159 \end{frame}
                   <../pics/K54cycle.pdf> <../pics/4cycleunwrapped.pdf>]

pdfTeX warning: pdflatex (file ../pics/K53cycle.pdf): PDF inclusion: found PDF 
version <1.5>, but at most version <1.4> allowed
<../pics/K53cycle.pdf, id=5586, 421.72319pt x 479.03813pt>
File: ../pics/K53cycle.pdf Graphic file (type pdf)

<use ../pics/K53cycle.pdf>pdfTeX warning (ext4): destination with the same iden
tifier (name{fig:4cycle}) has been already used, duplicate ignored
<to be read again> 
                   \relax 
l.1183 \end{frame}
                  

pdfTeX warning: pdflatex (file ../pics/3cycleunwrapped.pdf): PDF inclusion: fou
nd PDF version <1.5>, but at most version <1.4> allowed
<../pics/3cycleunwrapped.pdf, id=5588, 421.72319pt x 479.03813pt>
File: ../pics/3cycleunwrapped.pdf Graphic file (type pdf)

<use ../pics/3cycleunwrapped.pdf>pdfTeX warning (ext4): destination with the sa
me identifier (name{fig:4cycle}) has been already used, duplicate ignored
<to be read again> 
                   \relax 
l.1183 \end{frame}
                   [110

 <../pics/K53cycle.pdf> <../pics/3cycleunwrapped.pdf>]

pdfTeX warning: pdflatex (file ../pics/K55cycle.pdf): PDF inclusion: found PDF 
version <1.5>, but at most version <1.4> allowed
<../pics/K55cycle.pdf, id=5671, 421.72319pt x 479.03813pt>
File: ../pics/K55cycle.pdf Graphic file (type pdf)

<use ../pics/K55cycle.pdf>pdfTeX warning (ext4): destination with the same iden
tifier (name{fig:4cycle}) has been already used, duplicate ignored
<to be read again> 
                   \relax 
l.1206 \end{frame}
                  

pdfTeX warning: pdflatex (file ../pics/5cycleunwrapped.pdf): PDF inclusion: fou
nd PDF version <1.5>, but at most version <1.4> allowed
<../pics/5cycleunwrapped.pdf, id=5673, 421.72319pt x 479.03813pt>
File: ../pics/5cycleunwrapped.pdf Graphic file (type pdf)

<use ../pics/5cycleunwrapped.pdf> [111

 <../pics/K55cycle.pdf> <../pics/5cycleunwrapped.pdf>] [112

] [113

] [114

]pdfTeX warning (ext4): destination with the same identifier (name{tbl:summary}
) has been already used, duplicate ignored
<to be read again> 
                   \relax 
l.1267 \end{frame}
                   [115

]

Package hyperref Warning: Token not allowed in a PDF string (PDFDocEncoding):
(hyperref)                removing `math shift' on input line 1270.


Package hyperref Warning: Token not allowed in a PDF string (PDFDocEncoding):
(hyperref)                removing `subscript' on input line 1270.


Package hyperref Warning: Token not allowed in a PDF string (PDFDocEncoding):
(hyperref)                removing `\mathbin' on input line 1270.


Package hyperref Warning: Token not allowed in a PDF string (PDFDocEncoding):
(hyperref)                removing `\@ifnextchar' on input line 1270.


Package hyperref Warning: Token not allowed in a PDF string (PDFDocEncoding):
(hyperref)                removing `math shift' on input line 1270.


Package hyperref Warning: Token not allowed in a PDF string (PDFDocEncoding):
(hyperref)                removing `\bigcirc' on input line 1270.


Package hyperref Warning: Token not allowed in a PDF string (PDFDocEncoding):
(hyperref)                removing `math shift' on input line 1270.


Package hyperref Warning: Token not allowed in a PDF string (PDFDocEncoding):
(hyperref)                removing `subscript' on input line 1270.


Package hyperref Warning: Token not allowed in a PDF string (PDFDocEncoding):
(hyperref)                removing `math shift' on input line 1270.


Package hyperref Warning: Token not allowed in a PDF string (PDFDocEncoding):
(hyperref)                removing `math shift' on input line 1270.


Package hyperref Warning: Token not allowed in a PDF string (PDFDocEncoding):
(hyperref)                removing `subscript' on input line 1270.


Package hyperref Warning: Token not allowed in a PDF string (PDFDocEncoding):
(hyperref)                removing `\mathbin' on input line 1270.


Package hyperref Warning: Token not allowed in a PDF string (PDFDocEncoding):
(hyperref)                removing `\@ifnextchar' on input line 1270.


Package hyperref Warning: Token not allowed in a PDF string (PDFDocEncoding):
(hyperref)                removing `math shift' on input line 1270.


Package hyperref Warning: Token not allowed in a PDF string (PDFDocEncoding):
(hyperref)                removing `\bigcirc' on input line 1270.


Package hyperref Warning: Token not allowed in a PDF string (PDFDocEncoding):
(hyperref)                removing `math shift' on input line 1270.


Package hyperref Warning: Token not allowed in a PDF string (PDFDocEncoding):
(hyperref)                removing `subscript' on input line 1270.


Package hyperref Warning: Token not allowed in a PDF string (PDFDocEncoding):
(hyperref)                removing `math shift' on input line 1270.

File: ../pics/10-example.pdf Graphic file (type pdf)
<use ../pics/10-example.pdf> [116

] [117

] [118

] [119

]
<../pics/replacement_summary.pdf, id=5959, 632.3625pt x 622.325pt>
File: ../pics/replacement_summary.pdf Graphic file (type pdf)

<use ../pics/replacement_summary.pdf> [120

 <../pics/replacement_summary.pdf>]
File: ../pics/10-zigzag.pdf Graphic file (type pdf)

<use ../pics/10-zigzag.pdf> [121

] [122

]
File: ../pics/37-pcd-example.pdf Graphic file (type pdf)
 <use ../pics/37-pcd-example.pdf>
File: ../pics/3-7-zigzag.pdf Graphic file (type pdf)

<use ../pics/3-7-zigzag.pdf> [123

]
<../pics/zigzag_summary.pdf, id=6070, 616.3025pt x 645.41125pt>
File: ../pics/zigzag_summary.pdf Graphic file (type pdf)

<use ../pics/zigzag_summary.pdf>pdfTeX warning (ext4): destination with the sam
e identifier (name{fig:replacement_summary}) has been already used, duplicate i
gnored
<to be read again> 
                   \relax 
l.1363 \end{frame}
                  
Overfull \vbox (8.08992pt too high) detected at line 1363
 []

[124

 <../pics/zigzag_summary.pdf>] <xymatrix 1x2 94> <xymatrix 1x2 114>
[125

] [126

] [127

] [128

] <xymatrix 1x2 94> [129

] <xymatrix 1x2 114> [130

]
<xymatrix 2x2 185> [131

] <xymatrix 3x3 286> [132

]
<../pics/three_cycle.pdf, id=6319, 170.6375pt x 186.6975pt>
File: ../pics/three_cycle.pdf Graphic file (type pdf)

<use ../pics/three_cycle.pdf>
<../pics/line.pdf, id=6320, 355.3275pt x 66.2475pt>
File: ../pics/line.pdf Graphic file (type pdf)
 <use ../pics/line.pdf>
<../pics/concatination.pdf, id=6321, 154.5775pt x 255.95625pt>
File: ../pics/concatination.pdf Graphic file (type pdf)

<use ../pics/concatination.pdf> [133

 <../pics/three_cycle.pdf> <../pics/line.pdf> <../pics/concatination.pdf>] [134

] <xymatrix 1x2 114> [135

] <xymatrix 1x2
114> [136

]
Overfull \hbox (0.33492pt too wide) detected at line 1514
\OT1/cmss/m/it/10.95 E\OT1/cmss/m/n/10.95 (\OT1/cmss/m/it/10.95 G [] H\OT1/cmss
/m/n/10.95 ) = [] \OML/cmm/m/it/10.95 ;
 []

[137

]
Missing character: There is no  in font cmss10!
Missing character: There is no  in font cmss10!
Missing character: There is no  in font cmss10!
Missing character: There is no  in font cmss10!
Missing character: There is no  in font cmss10!
Missing character: There is no  in font cmss10!
 [138

]
Missing character: There is no  in font cmss10!
Missing character: There is no  in font cmss10!
Missing character: There is no  in font cmss10!
Missing character: There is no  in font cmss10!
Missing character: There is no  in font cmss10!
Missing character: There is no  in font cmss10!
 [139

]
Missing character: There is no  in font cmss10!
Missing character: There is no  in font cmss10!
Missing character: There is no  in font cmss10!
Missing character: There is no  in font cmss10!
Missing character: There is no  in font cmss10!
Missing character: There is no  in font cmss10!
 [140

]
Missing character: There is no  in font cmss10!
Missing character: There is no  in font cmss10!
Missing character: There is no  in font cmss10!
Missing character: There is no  in font cmss10!
Missing character: There is no  in font cmss10!
Missing character: There is no  in font cmss10!
 [141

]
Missing character: There is no  in font cmss10!
Missing character: There is no  in font cmss10!
Missing character: There is no  in font cmss10!
Missing character: There is no  in font cmss10!
Missing character: There is no  in font cmss10!
Missing character: There is no  in font cmss10!
 [142

] [143

] [144

] [145

]
Missing character: There is no  in font cmss12!
Missing character: There is no  in font cmss12!
Missing character: There is no  in font cmss12!
 [146

] [147

]
(./defense.bbl)
Overfull \vbox (418.60774pt too high) detected at line 1593
 []

[148

 </usr/share/texmf/tex/latex/beamer/base/art/beamericonarticle.pdf>]
\tf@nav=\write7
\openout7 = `defense.nav'.

\tf@toc=\write8
\openout8 = `defense.toc'.

\tf@snm=\write9
\openout9 = `defense.snm'.


(./defense.aux)

LaTeX Font Warning: Size substitutions with differences
(Font)              up to 1.0pt have occurred.


LaTeX Font Warning: Some font shapes were not available, defaults substituted.


LaTeX Warning: There were multiply-defined labels.

 ) 
Here is how much of TeX's memory you used:
 16300 strings out of 495061
 271659 string characters out of 1182622
 393262 words of memory out of 3000000
 18641 multiletter control sequences out of 15000+50000
 22598 words of font info for 86 fonts, out of 3000000 for 9000
 28 hyphenation exceptions out of 8191
 45i,15n,51p,564b,1138s stack positions out of 5000i,500n,10000p,200000b,50000s
</usr/share/texmf-texlive/fonts/type1/public/amsfonts/cm/cmex10.pfb></usr/sha
re/texmf-texlive/fonts/type1/public/amsfonts/cm/cmmi10.pfb></usr/share/texmf-te
xlive/fonts/type1/public/amsfonts/cm/cmmi8.pfb></usr/share/texmf-texlive/fonts/
type1/public/amsfonts/cm/cmr10.pfb></usr/share/texmf-texlive/fonts/type1/public
/amsfonts/cm/cmr12.pfb></usr/share/texmf-texlive/fonts/type1/public/amsfonts/cm
/cmr8.pfb></usr/share/texmf-texlive/fonts/type1/public/amsfonts/cm/cmss10.pfb><
/usr/share/texmf-texlive/fonts/type1/public/amsfonts/cm/cmss12.pfb></usr/share/
texmf-texlive/fonts/type1/public/amsfonts/cm/cmss17.pfb></usr/share/texmf-texli
ve/fonts/type1/public/amsfonts/cm/cmss8.pfb></usr/share/texmf-texlive/fonts/typ
e1/public/amsfonts/cm/cmssbx10.pfb></usr/share/texmf-texlive/fonts/type1/public
/amsfonts/cm/cmssi10.pfb></usr/share/texmf-texlive/fonts/type1/public/amsfonts/
cm/cmssi12.pfb></usr/share/texmf-texlive/fonts/type1/public/amsfonts/cm/cmssi8.
pfb></usr/share/texmf-texlive/fonts/type1/public/amsfonts/cm/cmsy10.pfb></usr/s
hare/texmf-texlive/fonts/type1/public/amsfonts/cm/cmsy6.pfb></usr/share/texmf-t
exlive/fonts/type1/public/amsfonts/cm/cmsy8.pfb></usr/share/texmf-texlive/fonts
/type1/public/amsfonts/cm/cmtt10.pfb></usr/share/texmf-texlive/fonts/type1/publ
ic/amsfonts/symbols/msbm10.pfb></usr/share/texmf-texlive/fonts/type1/public/xyp
ic/xycmat10.pfb></usr/share/texmf-texlive/fonts/type1/public/xypic/xycmbt10.pfb
></usr/share/texmf-texlive/fonts/type1/public/xypic/xydash10.pfb>
Output written on defense.pdf (148 pages, 2880634 bytes).
PDF statistics:
 6919 PDF objects out of 7423 (max. 8388607)
 380 named destinations out of 1000 (max. 500000)
 369 words of extra memory for PDF output out of 10000 (max. 10000000)

